<?xml version="1.0" encoding="UTF-8"?>
<testsuite xmlns:xsi="http://www.w3.org/2001/XMLSchema-instance" xsi:noNamespaceSchemaLocation="https://maven.apache.org/surefire/maven-surefire-plugin/xsd/surefire-test-report.xsd" name="org.optaplanner.examples.vehiclerouting.persistence.VehicleRoutingImportDataFilesTest" time="3.365" tests="228" errors="0" skipped="0" failures="0">
  <properties>
[...]
</properties>
  <testcase name="readSolution[1]" classname="org.optaplanner.examples.vehiclerouting.persistence.VehicleRoutingImportDataFilesTest" time="0.01"/>
  <testcase name="readSolution[2]" classname="org.optaplanner.examples.vehiclerouting.persistence.VehicleRoutingImportDataFilesTest" time="0.007"/>
  <testcase name="readSolution[3]" classname="org.optaplanner.examples.vehiclerouting.persistence.VehicleRoutingImportDataFilesTest" time="0.009"/>
  <testcase name="readSolution[4]" classname="org.optaplanner.examples.vehiclerouting.persistence.VehicleRoutingImportDataFilesTest" time="0.01"/>
  <testcase name="readSolution[5]" classname="org.optaplanner.examples.vehiclerouting.persistence.VehicleRoutingImportDataFilesTest" time="0.017"/>
  <testcase name="readSolution[6]" classname="org.optaplanner.examples.vehiclerouting.persistence.VehicleRoutingImportDataFilesTest" time="0.008"/>
  <testcase name="readSolution[7]" classname="org.optaplanner.examples.vehiclerouting.persistence.VehicleRoutingImportDataFilesTest" time="0.012"/>
  <testcase name="readSolution[8]" classname="org.optaplanner.examples.vehiclerouting.persistence.VehicleRoutingImportDataFilesTest" time="0.093"/>
  <testcase name="readSolution[9]" classname="org.optaplanner.examples.vehiclerouting.persistence.VehicleRoutingImportDataFilesTest" time="0.009"/>
  <testcase name="readSolution[10]" classname="org.optaplanner.examples.vehiclerouting.persistence.VehicleRoutingImportDataFilesTest" time="0.013"/>
  <testcase name="readSolution[11]" classname="org.optaplanner.examples.vehiclerouting.persistence.VehicleRoutingImportDataFilesTest" time="0.008"/>
  <testcase name="readSolution[12]" classname="org.optaplanner.examples.vehiclerouting.persistence.VehicleRoutingImportDataFilesTest" time="0.012"/>
  <testcase name="readSolution[13]" classname="org.optaplanner.examples.vehiclerouting.persistence.VehicleRoutingImportDataFilesTest" time="0.077"/>
  <testcase name="readSolution[14]" classname="org.optaplanner.examples.vehiclerouting.persistence.VehicleRoutingImportDataFilesTest" time="0.009"/>
  <testcase name="readSolution[15]" classname="org.optaplanner.examples.vehiclerouting.persistence.VehicleRoutingImportDataFilesTest" time="0.01"/>
  <testcase name="readSolution[16]" classname="org.optaplanner.examples.vehiclerouting.persistence.VehicleRoutingImportDataFilesTest" time="0.007"/>
  <testcase name="readSolution[17]" classname="org.optaplanner.examples.vehiclerouting.persistence.VehicleRoutingImportDataFilesTest" time="0.007"/>
  <testcase name="readSolution[18]" classname="org.optaplanner.examples.vehiclerouting.persistence.VehicleRoutingImportDataFilesTest" time="0.009"/>
  <testcase name="readSolution[19]" classname="org.optaplanner.examples.vehiclerouting.persistence.VehicleRoutingImportDataFilesTest" time="0.01"/>
  <testcase name="readSolution[20]" classname="org.optaplanner.examples.vehiclerouting.persistence.VehicleRoutingImportDataFilesTest" time="0.018"/>
  <testcase name="readSolution[21]" classname="org.optaplanner.examples.vehiclerouting.persistence.VehicleRoutingImportDataFilesTest" time="0.007"/>
  <testcase name="readSolution[22]" classname="org.optaplanner.examples.vehiclerouting.persistence.VehicleRoutingImportDataFilesTest" time="0.007"/>
  <testcase name="readSolution[23]" classname="org.optaplanner.examples.vehiclerouting.persistence.VehicleRoutingImportDataFilesTest" time="0.009"/>
  <testcase name="readSolution[24]" classname="org.optaplanner.examples.vehiclerouting.persistence.VehicleRoutingImportDataFilesTest" time="0.011"/>
  <testcase name="readSolution[25]" classname="org.optaplanner.examples.vehiclerouting.persistence.VehicleRoutingImportDataFilesTest" time="0.016"/>
  <testcase name="readSolution[26]" classname="org.optaplanner.examples.vehiclerouting.persistence.VehicleRoutingImportDataFilesTest" time="0.008"/>
  <testcase name="readSolution[27]" classname="org.optaplanner.examples.vehiclerouting.persistence.VehicleRoutingImportDataFilesTest" time="0.01"/>
  <testcase name="readSolution[28]" classname="org.optaplanner.examples.vehiclerouting.persistence.VehicleRoutingImportDataFilesTest" time="0.008"/>
  <testcase name="readSolution[29]" classname="org.optaplanner.examples.vehiclerouting.persistence.VehicleRoutingImportDataFilesTest" time="0.011"/>
  <testcase name="readSolution[30]" classname="org.optaplanner.examples.vehiclerouting.persistence.VehicleRoutingImportDataFilesTest" time="0.007"/>
  <testcase name="readSolution[31]" classname="org.optaplanner.examples.vehiclerouting.persistence.VehicleRoutingImportDataFilesTest" time="0.009"/>
  <testcase name="readSolution[32]" classname="org.optaplanner.examples.vehiclerouting.persistence.VehicleRoutingImportDataFilesTest" time="0.009"/>
  <testcase name="readSolution[33]" classname="org.optaplanner.examples.vehiclerouting.persistence.VehicleRoutingImportDataFilesTest" time="0.011"/>
  <testcase name="readSolution[34]" classname="org.optaplanner.examples.vehiclerouting.persistence.VehicleRoutingImportDataFilesTest" time="0.018"/>
  <testcase name="readSolution[35]" classname="org.optaplanner.examples.vehiclerouting.persistence.VehicleRoutingImportDataFilesTest" time="0.007"/>
  <testcase name="readSolution[36]" classname="org.optaplanner.examples.vehiclerouting.persistence.VehicleRoutingImportDataFilesTest" time="0.007"/>
  <testcase name="readSolution[37]" classname="org.optaplanner.examples.vehiclerouting.persistence.VehicleRoutingImportDataFilesTest" time="0.008"/>
  <testcase name="readSolution[38]" classname="org.optaplanner.examples.vehiclerouting.persistence.VehicleRoutingImportDataFilesTest" time="0.01"/>
  <testcase name="readSolution[39]" classname="org.optaplanner.examples.vehiclerouting.persistence.VehicleRoutingImportDataFilesTest" time="0.007"/>
  <testcase name="readSolution[40]" classname="org.optaplanner.examples.vehiclerouting.persistence.VehicleRoutingImportDataFilesTest" time="0.008"/>
  <testcase name="readSolution[41]" classname="org.optaplanner.examples.vehiclerouting.persistence.VehicleRoutingImportDataFilesTest" time="0.006"/>
  <testcase name="readSolution[42]" classname="org.optaplanner.examples.vehiclerouting.persistence.VehicleRoutingImportDataFilesTest" time="0.009"/>
  <testcase name="readSolution[43]" classname="org.optaplanner.examples.vehiclerouting.persistence.VehicleRoutingImportDataFilesTest" time="0.008"/>
  <testcase name="readSolution[44]" classname="org.optaplanner.examples.vehiclerouting.persistence.VehicleRoutingImportDataFilesTest" time="0.007"/>
  <testcase name="readSolution[45]" classname="org.optaplanner.examples.vehiclerouting.persistence.VehicleRoutingImportDataFilesTest" time="0.007"/>
  <testcase name="readSolution[46]" classname="org.optaplanner.examples.vehiclerouting.persistence.VehicleRoutingImportDataFilesTest" time="0.007"/>
  <testcase name="readSolution[47]" classname="org.optaplanner.examples.vehiclerouting.persistence.VehicleRoutingImportDataFilesTest" time="0.006"/>
  <testcase name="readSolution[48]" classname="org.optaplanner.examples.vehiclerouting.persistence.VehicleRoutingImportDataFilesTest" time="0.009"/>
  <testcase name="readSolution[49]" classname="org.optaplanner.examples.vehiclerouting.persistence.VehicleRoutingImportDataFilesTest" time="0.007"/>
  <testcase name="readSolution[50]" classname="org.optaplanner.examples.vehiclerouting.persistence.VehicleRoutingImportDataFilesTest" time="0.009"/>
  <testcase name="readSolution[51]" classname="org.optaplanner.examples.vehiclerouting.persistence.VehicleRoutingImportDataFilesTest" time="0.008"/>
  <testcase name="readSolution[52]" classname="org.optaplanner.examples.vehiclerouting.persistence.VehicleRoutingImportDataFilesTest" time="0.007"/>
  <testcase name="readSolution[53]" classname="org.optaplanner.examples.vehiclerouting.persistence.VehicleRoutingImportDataFilesTest" time="0.007"/>
  <testcase name="readSolution[54]" classname="org.optaplanner.examples.vehiclerouting.persistence.VehicleRoutingImportDataFilesTest" time="0.008"/>
  <testcase name="readSolution[55]" classname="org.optaplanner.examples.vehiclerouting.persistence.VehicleRoutingImportDataFilesTest" time="0.007"/>
  <testcase name="readSolution[56]" classname="org.optaplanner.examples.vehiclerouting.persistence.VehicleRoutingImportDataFilesTest" time="0.007"/>
  <testcase name="readSolution[57]" classname="org.optaplanner.examples.vehiclerouting.persistence.VehicleRoutingImportDataFilesTest" time="0.008"/>
  <testcase name="readSolution[58]" classname="org.optaplanner.examples.vehiclerouting.persistence.VehicleRoutingImportDataFilesTest" time="0.008"/>
  <testcase name="readSolution[59]" classname="org.optaplanner.examples.vehiclerouting.persistence.VehicleRoutingImportDataFilesTest" time="0.007"/>
  <testcase name="readSolution[60]" classname="org.optaplanner.examples.vehiclerouting.persistence.VehicleRoutingImportDataFilesTest" time="0.008"/>
  <testcase name="readSolution[61]" classname="org.optaplanner.examples.vehiclerouting.persistence.VehicleRoutingImportDataFilesTest" time="0.009"/>
  <testcase name="readSolution[62]" classname="org.optaplanner.examples.vehiclerouting.persistence.VehicleRoutingImportDataFilesTest" time="0.008"/>
  <testcase name="readSolution[63]" classname="org.optaplanner.examples.vehiclerouting.persistence.VehicleRoutingImportDataFilesTest" time="0.007"/>
  <testcase name="readSolution[64]" classname="org.optaplanner.examples.vehiclerouting.persistence.VehicleRoutingImportDataFilesTest" time="0.008"/>
  <testcase name="readSolution[65]" classname="org.optaplanner.examples.vehiclerouting.persistence.VehicleRoutingImportDataFilesTest" time="0.008"/>
  <testcase name="readSolution[66]" classname="org.optaplanner.examples.vehiclerouting.persistence.VehicleRoutingImportDataFilesTest" time="0.008"/>
  <testcase name="readSolution[67]" classname="org.optaplanner.examples.vehiclerouting.persistence.VehicleRoutingImportDataFilesTest" time="0.008"/>
  <testcase name="readSolution[68]" classname="org.optaplanner.examples.vehiclerouting.persistence.VehicleRoutingImportDataFilesTest" time="0.007"/>
  <testcase name="readSolution[69]" classname="org.optaplanner.examples.vehiclerouting.persistence.VehicleRoutingImportDataFilesTest" time="0.008"/>
  <testcase name="readSolution[70]" classname="org.optaplanner.examples.vehiclerouting.persistence.VehicleRoutingImportDataFilesTest" time="0.008"/>
  <testcase name="readSolution[71]" classname="org.optaplanner.examples.vehiclerouting.persistence.VehicleRoutingImportDataFilesTest" time="0.007"/>
  <testcase name="readSolution[72]" classname="org.optaplanner.examples.vehiclerouting.persistence.VehicleRoutingImportDataFilesTest" time="0.007"/>
  <testcase name="readSolution[73]" classname="org.optaplanner.examples.vehiclerouting.persistence.VehicleRoutingImportDataFilesTest" time="0.008"/>
  <testcase name="readSolution[74]" classname="org.optaplanner.examples.vehiclerouting.persistence.VehicleRoutingImportDataFilesTest" time="0.008"/>
  <testcase name="readSolution[75]" classname="org.optaplanner.examples.vehiclerouting.persistence.VehicleRoutingImportDataFilesTest" time="0.008"/>
  <testcase name="readSolution[76]" classname="org.optaplanner.examples.vehiclerouting.persistence.VehicleRoutingImportDataFilesTest" time="0.007"/>
  <testcase name="readSolution[77]" classname="org.optaplanner.examples.vehiclerouting.persistence.VehicleRoutingImportDataFilesTest" time="0.007"/>
  <testcase name="readSolution[78]" classname="org.optaplanner.examples.vehiclerouting.persistence.VehicleRoutingImportDataFilesTest" time="0.008"/>
  <testcase name="readSolution[79]" classname="org.optaplanner.examples.vehiclerouting.persistence.VehicleRoutingImportDataFilesTest" time="0.008"/>
  <testcase name="readSolution[80]" classname="org.optaplanner.examples.vehiclerouting.persistence.VehicleRoutingImportDataFilesTest" time="0.007"/>
  <testcase name="readSolution[81]" classname="org.optaplanner.examples.vehiclerouting.persistence.VehicleRoutingImportDataFilesTest" time="0.007"/>
  <testcase name="readSolution[82]" classname="org.optaplanner.examples.vehiclerouting.persistence.VehicleRoutingImportDataFilesTest" time="0.007"/>
  <testcase name="readSolution[83]" classname="org.optaplanner.examples.vehiclerouting.persistence.VehicleRoutingImportDataFilesTest" time="0.008"/>
  <testcase name="readSolution[84]" classname="org.optaplanner.examples.vehiclerouting.persistence.VehicleRoutingImportDataFilesTest" time="0.008"/>
  <testcase name="readSolution[85]" classname="org.optaplanner.examples.vehiclerouting.persistence.VehicleRoutingImportDataFilesTest" time="0.008"/>
  <testcase name="readSolution[86]" classname="org.optaplanner.examples.vehiclerouting.persistence.VehicleRoutingImportDataFilesTest" time="0.007"/>
  <testcase name="readSolution[87]" classname="org.optaplanner.examples.vehiclerouting.persistence.VehicleRoutingImportDataFilesTest" time="0.009"/>
  <testcase name="readSolution[88]" classname="org.optaplanner.examples.vehiclerouting.persistence.VehicleRoutingImportDataFilesTest" time="0.008"/>
  <testcase name="readSolution[89]" classname="org.optaplanner.examples.vehiclerouting.persistence.VehicleRoutingImportDataFilesTest" time="0.007"/>
  <testcase name="readSolution[90]" classname="org.optaplanner.examples.vehiclerouting.persistence.VehicleRoutingImportDataFilesTest" time="0.007"/>
  <testcase name="readSolution[91]" classname="org.optaplanner.examples.vehiclerouting.persistence.VehicleRoutingImportDataFilesTest" time="0.008"/>
  <testcase name="readSolution[92]" classname="org.optaplanner.examples.vehiclerouting.persistence.VehicleRoutingImportDataFilesTest" time="0.007"/>
  <testcase name="readSolution[93]" classname="org.optaplanner.examples.vehiclerouting.persistence.VehicleRoutingImportDataFilesTest" time="0.008"/>
  <testcase name="readSolution[94]" classname="org.optaplanner.examples.vehiclerouting.persistence.VehicleRoutingImportDataFilesTest" time="0.007"/>
  <testcase name="readSolution[95]" classname="org.optaplanner.examples.vehiclerouting.persistence.VehicleRoutingImportDataFilesTest" time="0.008"/>
  <testcase name="readSolution[96]" classname="org.optaplanner.examples.vehiclerouting.persistence.VehicleRoutingImportDataFilesTest" time="0.007"/>
  <testcase name="readSolution[97]" classname="org.optaplanner.examples.vehiclerouting.persistence.VehicleRoutingImportDataFilesTest" time="0.008"/>
  <testcase name="readSolution[98]" classname="org.optaplanner.examples.vehiclerouting.persistence.VehicleRoutingImportDataFilesTest" time="0.007"/>
  <testcase name="readSolution[99]" classname="org.optaplanner.examples.vehiclerouting.persistence.VehicleRoutingImportDataFilesTest" time="0.009"/>
  <testcase name="readSolution[100]" classname="org.optaplanner.examples.vehiclerouting.persistence.VehicleRoutingImportDataFilesTest" time="0.008"/>
  <testcase name="readSolution[101]" classname="org.optaplanner.examples.vehiclerouting.persistence.VehicleRoutingImportDataFilesTest" time="0.009"/>
  <testcase name="readSolution[102]" classname="org.optaplanner.examples.vehiclerouting.persistence.VehicleRoutingImportDataFilesTest" time="0.008"/>
  <testcase name="readSolution[103]" classname="org.optaplanner.examples.vehiclerouting.persistence.VehicleRoutingImportDataFilesTest" time="0.008"/>
  <testcase name="readSolution[104]" classname="org.optaplanner.examples.vehiclerouting.persistence.VehicleRoutingImportDataFilesTest" time="0.008"/>
  <testcase name="readSolution[105]" classname="org.optaplanner.examples.vehiclerouting.persistence.VehicleRoutingImportDataFilesTest" time="0.008"/>
  <testcase name="readSolution[106]" classname="org.optaplanner.examples.vehiclerouting.persistence.VehicleRoutingImportDataFilesTest" time="0.008"/>
  <testcase name="readSolution[107]" classname="org.optaplanner.examples.vehiclerouting.persistence.VehicleRoutingImportDataFilesTest" time="0.01"/>
  <testcase name="readSolution[108]" classname="org.optaplanner.examples.vehiclerouting.persistence.VehicleRoutingImportDataFilesTest" time="0.01"/>
  <testcase name="readSolution[109]" classname="org.optaplanner.examples.vehiclerouting.persistence.VehicleRoutingImportDataFilesTest" time="0.008"/>
  <testcase name="readSolution[110]" classname="org.optaplanner.examples.vehiclerouting.persistence.VehicleRoutingImportDataFilesTest" time="0.012"/>
  <testcase name="readSolution[111]" classname="org.optaplanner.examples.vehiclerouting.persistence.VehicleRoutingImportDataFilesTest" time="0.009"/>
  <testcase name="readSolution[112]" classname="org.optaplanner.examples.vehiclerouting.persistence.VehicleRoutingImportDataFilesTest" time="0.007"/>
  <testcase name="readSolution[113]" classname="org.optaplanner.examples.vehiclerouting.persistence.VehicleRoutingImportDataFilesTest" time="0.01"/>
  <testcase name="readSolution[114]" classname="org.optaplanner.examples.vehiclerouting.persistence.VehicleRoutingImportDataFilesTest" time="0.007"/>
  <testcase name="readSolution[115]" classname="org.optaplanner.examples.vehiclerouting.persistence.VehicleRoutingImportDataFilesTest" time="0.008"/>
  <testcase name="readSolution[116]" classname="org.optaplanner.examples.vehiclerouting.persistence.VehicleRoutingImportDataFilesTest" time="0.008"/>
  <testcase name="readSolution[117]" classname="org.optaplanner.examples.vehiclerouting.persistence.VehicleRoutingImportDataFilesTest" time="0.008"/>
  <testcase name="readSolution[118]" classname="org.optaplanner.examples.vehiclerouting.persistence.VehicleRoutingImportDataFilesTest" time="0.008"/>
  <testcase name="readSolution[119]" classname="org.optaplanner.examples.vehiclerouting.persistence.VehicleRoutingImportDataFilesTest" time="0.009"/>
  <testcase name="readSolution[120]" classname="org.optaplanner.examples.vehiclerouting.persistence.VehicleRoutingImportDataFilesTest" time="0.008"/>
  <testcase name="readSolution[121]" classname="org.optaplanner.examples.vehiclerouting.persistence.VehicleRoutingImportDataFilesTest" time="0.009"/>
  <testcase name="readSolution[122]" classname="org.optaplanner.examples.vehiclerouting.persistence.VehicleRoutingImportDataFilesTest" time="0.008"/>
  <testcase name="readSolution[123]" classname="org.optaplanner.examples.vehiclerouting.persistence.VehicleRoutingImportDataFilesTest" time="0.01"/>
  <testcase name="readSolution[124]" classname="org.optaplanner.examples.vehiclerouting.persistence.VehicleRoutingImportDataFilesTest" time="0.009"/>
  <testcase name="readSolution[125]" classname="org.optaplanner.examples.vehiclerouting.persistence.VehicleRoutingImportDataFilesTest" time="0.009"/>
  <testcase name="readSolution[126]" classname="org.optaplanner.examples.vehiclerouting.persistence.VehicleRoutingImportDataFilesTest" time="0.015"/>
  <testcase name="readSolution[127]" classname="org.optaplanner.examples.vehiclerouting.persistence.VehicleRoutingImportDataFilesTest" time="0.009"/>
  <testcase name="readSolution[128]" classname="org.optaplanner.examples.vehiclerouting.persistence.VehicleRoutingImportDataFilesTest" time="0.011"/>
  <testcase name="readSolution[129]" classname="org.optaplanner.examples.vehiclerouting.persistence.VehicleRoutingImportDataFilesTest" time="0.009"/>
  <testcase name="readSolution[130]" classname="org.optaplanner.examples.vehiclerouting.persistence.VehicleRoutingImportDataFilesTest" time="0.01"/>
  <testcase name="readSolution[131]" classname="org.optaplanner.examples.vehiclerouting.persistence.VehicleRoutingImportDataFilesTest" time="0.008"/>
  <testcase name="readSolution[132]" classname="org.optaplanner.examples.vehiclerouting.persistence.VehicleRoutingImportDataFilesTest" time="0.012"/>
  <testcase name="readSolution[133]" classname="org.optaplanner.examples.vehiclerouting.persistence.VehicleRoutingImportDataFilesTest" time="0.009"/>
  <testcase name="readSolution[134]" classname="org.optaplanner.examples.vehiclerouting.persistence.VehicleRoutingImportDataFilesTest" time="0.01"/>
  <testcase name="readSolution[135]" classname="org.optaplanner.examples.vehiclerouting.persistence.VehicleRoutingImportDataFilesTest" time="0.009"/>
  <testcase name="readSolution[136]" classname="org.optaplanner.examples.vehiclerouting.persistence.VehicleRoutingImportDataFilesTest" time="0.009"/>
  <testcase name="readSolution[137]" classname="org.optaplanner.examples.vehiclerouting.persistence.VehicleRoutingImportDataFilesTest" time="0.009"/>
  <testcase name="readSolution[138]" classname="org.optaplanner.examples.vehiclerouting.persistence.VehicleRoutingImportDataFilesTest" time="0.009"/>
  <testcase name="readSolution[139]" classname="org.optaplanner.examples.vehiclerouting.persistence.VehicleRoutingImportDataFilesTest" time="0.01"/>
  <testcase name="readSolution[140]" classname="org.optaplanner.examples.vehiclerouting.persistence.VehicleRoutingImportDataFilesTest" time="0.011"/>
  <testcase name="readSolution[141]" classname="org.optaplanner.examples.vehiclerouting.persistence.VehicleRoutingImportDataFilesTest" time="0.007"/>
  <testcase name="readSolution[142]" classname="org.optaplanner.examples.vehiclerouting.persistence.VehicleRoutingImportDataFilesTest" time="0.007"/>
  <testcase name="readSolution[143]" classname="org.optaplanner.examples.vehiclerouting.persistence.VehicleRoutingImportDataFilesTest" time="0.006"/>
  <testcase name="readSolution[144]" classname="org.optaplanner.examples.vehiclerouting.persistence.VehicleRoutingImportDataFilesTest" time="0.007"/>
  <testcase name="readSolution[145]" classname="org.optaplanner.examples.vehiclerouting.persistence.VehicleRoutingImportDataFilesTest" time="0.008"/>
  <testcase name="readSolution[146]" classname="org.optaplanner.examples.vehiclerouting.persistence.VehicleRoutingImportDataFilesTest" time="0.008"/>
  <testcase name="readSolution[147]" classname="org.optaplanner.examples.vehiclerouting.persistence.VehicleRoutingImportDataFilesTest" time="0.008"/>
  <testcase name="readSolution[148]" classname="org.optaplanner.examples.vehiclerouting.persistence.VehicleRoutingImportDataFilesTest" time="0.008"/>
  <testcase name="readSolution[149]" classname="org.optaplanner.examples.vehiclerouting.persistence.VehicleRoutingImportDataFilesTest" time="0.008"/>
  <testcase name="readSolution[150]" classname="org.optaplanner.examples.vehiclerouting.persistence.VehicleRoutingImportDataFilesTest" time="0.009"/>
  <testcase name="readSolution[151]" classname="org.optaplanner.examples.vehiclerouting.persistence.VehicleRoutingImportDataFilesTest" time="0.01"/>
  <testcase name="readSolution[152]" classname="org.optaplanner.examples.vehiclerouting.persistence.VehicleRoutingImportDataFilesTest" time="0.024"/>
  <testcase name="readSolution[153]" classname="org.optaplanner.examples.vehiclerouting.persistence.VehicleRoutingImportDataFilesTest" time="0.058"/>
  <testcase name="readSolution[154]" classname="org.optaplanner.examples.vehiclerouting.persistence.VehicleRoutingImportDataFilesTest" time="0.95"/>
  <testcase name="readSolution[155]" classname="org.optaplanner.examples.vehiclerouting.persistence.VehicleRoutingImportDataFilesTest" time="0.201"/>
  <testcase name="readSolution[156]" classname="org.optaplanner.examples.vehiclerouting.persistence.VehicleRoutingImportDataFilesTest" time="0.012"/>
  <testcase name="readSolution[157]" classname="org.optaplanner.examples.vehiclerouting.persistence.VehicleRoutingImportDataFilesTest" time="0.008"/>
  <testcase name="readSolution[158]" classname="org.optaplanner.examples.vehiclerouting.persistence.VehicleRoutingImportDataFilesTest" time="0.008"/>
  <testcase name="readSolution[159]" classname="org.optaplanner.examples.vehiclerouting.persistence.VehicleRoutingImportDataFilesTest" time="0.008"/>
  <testcase name="readSolution[160]" classname="org.optaplanner.examples.vehiclerouting.persistence.VehicleRoutingImportDataFilesTest" time="0.011"/>
  <testcase name="readSolution[161]" classname="org.optaplanner.examples.vehiclerouting.persistence.VehicleRoutingImportDataFilesTest" time="0.008"/>
  <testcase name="readSolution[162]" classname="org.optaplanner.examples.vehiclerouting.persistence.VehicleRoutingImportDataFilesTest" time="0.008"/>
  <testcase name="readSolution[163]" classname="org.optaplanner.examples.vehiclerouting.persistence.VehicleRoutingImportDataFilesTest" time="0.009"/>
  <testcase name="readSolution[164]" classname="org.optaplanner.examples.vehiclerouting.persistence.VehicleRoutingImportDataFilesTest" time="0.008"/>
  <testcase name="readSolution[165]" classname="org.optaplanner.examples.vehiclerouting.persistence.VehicleRoutingImportDataFilesTest" time="0.008"/>
  <testcase name="readSolution[166]" classname="org.optaplanner.examples.vehiclerouting.persistence.VehicleRoutingImportDataFilesTest" time="0.009"/>
  <testcase name="readSolution[167]" classname="org.optaplanner.examples.vehiclerouting.persistence.VehicleRoutingImportDataFilesTest" time="0.007"/>
  <testcase name="readSolution[168]" classname="org.optaplanner.examples.vehiclerouting.persistence.VehicleRoutingImportDataFilesTest" time="0.01"/>
  <testcase name="readSolution[169]" classname="org.optaplanner.examples.vehiclerouting.persistence.VehicleRoutingImportDataFilesTest" time="0.008"/>
  <testcase name="readSolution[170]" classname="org.optaplanner.examples.vehiclerouting.persistence.VehicleRoutingImportDataFilesTest" time="0.007"/>
  <testcase name="readSolution[171]" classname="org.optaplanner.examples.vehiclerouting.persistence.VehicleRoutingImportDataFilesTest" time="0.007"/>
  <testcase name="readSolution[172]" classname="org.optaplanner.examples.vehiclerouting.persistence.VehicleRoutingImportDataFilesTest" time="0.008"/>
  <testcase name="readSolution[173]" classname="org.optaplanner.examples.vehiclerouting.persistence.VehicleRoutingImportDataFilesTest" time="0.007"/>
  <testcase name="readSolution[174]" classname="org.optaplanner.examples.vehiclerouting.persistence.VehicleRoutingImportDataFilesTest" time="0.008"/>
  <testcase name="readSolution[175]" classname="org.optaplanner.examples.vehiclerouting.persistence.VehicleRoutingImportDataFilesTest" time="0.007"/>
  <testcase name="readSolution[176]" classname="org.optaplanner.examples.vehiclerouting.persistence.VehicleRoutingImportDataFilesTest" time="0.008"/>
  <testcase name="readSolution[177]" classname="org.optaplanner.examples.vehiclerouting.persistence.VehicleRoutingImportDataFilesTest" time="0.007"/>
  <testcase name="readSolution[178]" classname="org.optaplanner.examples.vehiclerouting.persistence.VehicleRoutingImportDataFilesTest" time="0.007"/>
  <testcase name="readSolution[179]" classname="org.optaplanner.examples.vehiclerouting.persistence.VehicleRoutingImportDataFilesTest" time="0.007"/>
  <testcase name="readSolution[180]" classname="org.optaplanner.examples.vehiclerouting.persistence.VehicleRoutingImportDataFilesTest" time="0.007"/>
  <testcase name="readSolution[181]" classname="org.optaplanner.examples.vehiclerouting.persistence.VehicleRoutingImportDataFilesTest" time="0.007"/>
  <testcase name="readSolution[182]" classname="org.optaplanner.examples.vehiclerouting.persistence.VehicleRoutingImportDataFilesTest" time="0.008"/>
  <testcase name="readSolution[183]" classname="org.optaplanner.examples.vehiclerouting.persistence.VehicleRoutingImportDataFilesTest" time="0.007"/>
  <testcase name="readSolution[184]" classname="org.optaplanner.examples.vehiclerouting.persistence.VehicleRoutingImportDataFilesTest" time="0.007"/>
  <testcase name="readSolution[185]" classname="org.optaplanner.examples.vehiclerouting.persistence.VehicleRoutingImportDataFilesTest" time="0.007"/>
  <testcase name="readSolution[186]" classname="org.optaplanner.examples.vehiclerouting.persistence.VehicleRoutingImportDataFilesTest" time="0.009"/>
  <testcase name="readSolution[187]" classname="org.optaplanner.examples.vehiclerouting.persistence.VehicleRoutingImportDataFilesTest" time="0.01"/>
  <testcase name="readSolution[188]" classname="org.optaplanner.examples.vehiclerouting.persistence.VehicleRoutingImportDataFilesTest" time="0.009"/>
  <testcase name="readSolution[189]" classname="org.optaplanner.examples.vehiclerouting.persistence.VehicleRoutingImportDataFilesTest" time="0.008"/>
  <testcase name="readSolution[190]" classname="org.optaplanner.examples.vehiclerouting.persistence.VehicleRoutingImportDataFilesTest" time="0.009"/>
  <testcase name="readSolution[191]" classname="org.optaplanner.examples.vehiclerouting.persistence.VehicleRoutingImportDataFilesTest" time="0.008"/>
  <testcase name="readSolution[192]" classname="org.optaplanner.examples.vehiclerouting.persistence.VehicleRoutingImportDataFilesTest" time="0.009"/>
  <testcase name="readSolution[193]" classname="org.optaplanner.examples.vehiclerouting.persistence.VehicleRoutingImportDataFilesTest" time="0.01"/>
  <testcase name="readSolution[194]" classname="org.optaplanner.examples.vehiclerouting.persistence.VehicleRoutingImportDataFilesTest" time="0.009"/>
  <testcase name="readSolution[195]" classname="org.optaplanner.examples.vehiclerouting.persistence.VehicleRoutingImportDataFilesTest" time="0.009"/>
  <testcase name="readSolution[196]" classname="org.optaplanner.examples.vehiclerouting.persistence.VehicleRoutingImportDataFilesTest" time="0.011"/>
  <testcase name="readSolution[197]" classname="org.optaplanner.examples.vehiclerouting.persistence.VehicleRoutingImportDataFilesTest" time="0.01"/>
  <testcase name="readSolution[198]" classname="org.optaplanner.examples.vehiclerouting.persistence.VehicleRoutingImportDataFilesTest" time="0.011"/>
  <testcase name="readSolution[199]" classname="org.optaplanner.examples.vehiclerouting.persistence.VehicleRoutingImportDataFilesTest" time="0.01"/>
  <testcase name="readSolution[200]" classname="org.optaplanner.examples.vehiclerouting.persistence.VehicleRoutingImportDataFilesTest" time="0.009"/>
  <testcase name="readSolution[201]" classname="org.optaplanner.examples.vehiclerouting.persistence.VehicleRoutingImportDataFilesTest" time="0.012"/>
  <testcase name="readSolution[202]" classname="org.optaplanner.examples.vehiclerouting.persistence.VehicleRoutingImportDataFilesTest" time="0.01"/>
  <testcase name="readSolution[203]" classname="org.optaplanner.examples.vehiclerouting.persistence.VehicleRoutingImportDataFilesTest" time="0.008"/>
  <testcase name="readSolution[204]" classname="org.optaplanner.examples.vehiclerouting.persistence.VehicleRoutingImportDataFilesTest" time="0.01"/>
  <testcase name="readSolution[205]" classname="org.optaplanner.examples.vehiclerouting.persistence.VehicleRoutingImportDataFilesTest" time="0.04"/>
  <testcase name="readSolution[206]" classname="org.optaplanner.examples.vehiclerouting.persistence.VehicleRoutingImportDataFilesTest" time="0.011"/>
  <testcase name="readSolution[207]" classname="org.optaplanner.examples.vehiclerouting.persistence.VehicleRoutingImportDataFilesTest" time="0.015"/>
  <testcase name="readSolution[208]" classname="org.optaplanner.examples.vehiclerouting.persistence.VehicleRoutingImportDataFilesTest" time="0.012"/>
  <testcase name="readSolution[209]" classname="org.optaplanner.examples.vehiclerouting.persistence.VehicleRoutingImportDataFilesTest" time="0.012"/>
  <testcase name="readSolution[210]" classname="org.optaplanner.examples.vehiclerouting.persistence.VehicleRoutingImportDataFilesTest" time="0.011"/>
  <testcase name="readSolution[211]" classname="org.optaplanner.examples.vehiclerouting.persistence.VehicleRoutingImportDataFilesTest" time="0.011"/>
  <testcase name="readSolution[212]" classname="org.optaplanner.examples.vehiclerouting.persistence.VehicleRoutingImportDataFilesTest" time="0.012"/>
  <testcase name="readSolution[213]" classname="org.optaplanner.examples.vehiclerouting.persistence.VehicleRoutingImportDataFilesTest" time="0.011"/>
  <testcase name="readSolution[214]" classname="org.optaplanner.examples.vehiclerouting.persistence.VehicleRoutingImportDataFilesTest" time="0.011"/>
  <testcase name="readSolution[215]" classname="org.optaplanner.examples.vehiclerouting.persistence.VehicleRoutingImportDataFilesTest" time="0.011"/>
  <testcase name="readSolution[216]" classname="org.optaplanner.examples.vehiclerouting.persistence.VehicleRoutingImportDataFilesTest" time="0.01"/>
  <testcase name="readSolution[217]" classname="org.optaplanner.examples.vehiclerouting.persistence.VehicleRoutingImportDataFilesTest" time="0.006"/>
  <testcase name="readSolution[218]" classname="org.optaplanner.examples.vehiclerouting.persistence.VehicleRoutingImportDataFilesTest" time="0.007"/>
  <testcase name="readSolution[219]" classname="org.optaplanner.examples.vehiclerouting.persistence.VehicleRoutingImportDataFilesTest" time="0.007"/>
  <testcase name="readSolution[220]" classname="org.optaplanner.examples.vehiclerouting.persistence.VehicleRoutingImportDataFilesTest" time="0.008"/>
  <testcase name="readSolution[221]" classname="org.optaplanner.examples.vehiclerouting.persistence.VehicleRoutingImportDataFilesTest" time="0.007"/>
  <testcase name="readSolution[222]" classname="org.optaplanner.examples.vehiclerouting.persistence.VehicleRoutingImportDataFilesTest" time="0.006"/>
  <testcase name="readSolution[223]" classname="org.optaplanner.examples.vehiclerouting.persistence.VehicleRoutingImportDataFilesTest" time="0.007"/>
  <testcase name="readSolution[224]" classname="org.optaplanner.examples.vehiclerouting.persistence.VehicleRoutingImportDataFilesTest" time="0.007"/>
  <testcase name="readSolution[225]" classname="org.optaplanner.examples.vehiclerouting.persistence.VehicleRoutingImportDataFilesTest" time="0.007"/>
  <testcase name="readSolution[226]" classname="org.optaplanner.examples.vehiclerouting.persistence.VehicleRoutingImportDataFilesTest" time="0.007"/>
  <testcase name="readSolution[227]" classname="org.optaplanner.examples.vehiclerouting.persistence.VehicleRoutingImportDataFilesTest" time="0.007"/>
  <testcase name="readSolution[228]" classname="org.optaplanner.examples.vehiclerouting.persistence.VehicleRoutingImportDataFilesTest" time="0.007"/>
</testsuite>